# JRE version: OpenJDK Runtime Environment Temurin-17.0.12+7 (17.0.12+7) (build 17.0.12+7)
# Java VM: OpenJDK 64-Bit Server VM Temurin-17.0.12+7 (17.0.12+7, mixed mode, tiered, compressed oops, compressed class ptrs, parallel gc, linux-amd64)
GC Precious Log:
 CPUs: 8 total, 8 available
 Memory: 3844M
 Large Page Support: Disabled
 NUMA Support: Disabled
 Compressed Oops: Enabled (32-bit)
 Alignments: Space 512K, Generation 512K, Heap 2M
 Heap Min Capacity: 100M
 Heap Initial Capacity: 100M
 Heap Max Capacity: 1G
 Pre-touch: Disabled
 Parallel Workers: 8
Heap:
 PSYoungGen      total 21504K, used 435K [0x00000000eab00000, 0x00000000ec180000, 0x0000000100000000)
  eden space 20480K, 0% used [0x00000000eab00000,0x00000000eab00000,0x00000000ebf00000)
  from space 1024K, 42% used [0x00000000ebf80000,0x00000000ebfecc48,0x00000000ec080000)
  to   space 512K, 0% used [0x00000000ec100000,0x00000000ec100000,0x00000000ec180000)
 ParOldGen       total 68608K, used 38104K [0x00000000c0000000, 0x00000000c4300000, 0x00000000eab00000)
  object space 68608K, 55% used [0x00000000c0000000,0x00000000c25360c8,0x00000000c4300000)
 Metaspace       used 58829K, committed 59776K, reserved 1114112K
  class space    used 6295K, committed 6720K, reserved 1048576K
GC Heap History (20 events):
Event: 11.551 GC heap after
{Heap after GC invocations=22 (full 2):
 PSYoungGen      total 22016K, used 1504K [0x00000000eab00000, 0x00000000ec880000, 0x0000000100000000)
  eden space 20480K, 0% used [0x00000000eab00000,0x00000000eab00000,0x00000000ebf00000)
  from space 1536K, 97% used [0x00000000ec300000,0x00000000ec478010,0x00000000ec480000)
  to   space 4096K, 0% used [0x00000000ebf00000,0x00000000ebf00000,0x00000000ec300000)
 ParOldGen       total 68608K, used 24915K [0x00000000c0000000, 0x00000000c4300000, 0x00000000eab00000)
  object space 68608K, 36% used [0x00000000c0000000,0x00000000c1854c18,0x00000000c4300000)
 Metaspace       used 52802K, committed 53760K, reserved 1114112K
  class space    used 5707K, committed 6144K, reserved 1048576K
}
Event: 11.614 GC heap before
{Heap before GC invocations=23 (full 2):
 PSYoungGen      total 22016K, used 21984K [0x00000000eab00000, 0x00000000ec880000, 0x0000000100000000)
  eden space 20480K, 100% used [0x00000000eab00000,0x00000000ebf00000,0x00000000ebf00000)
  from space 1536K, 97% used [0x00000000ec300000,0x00000000ec478010,0x00000000ec480000)
  to   space 4096K, 0% used [0x00000000ebf00000,0x00000000ebf00000,0x00000000ec300000)
 ParOldGen       total 68608K, used 24915K [0x00000000c0000000, 0x00000000c4300000, 0x00000000eab00000)
  object space 68608K, 36% used [0x00000000c0000000,0x00000000c1854c18,0x00000000c4300000)
 Metaspace       used 52812K, committed 53760K, reserved 1114112K
  class space    used 5707K, committed 6144K, reserved 1048576K
}
Event: 11.618 GC heap after
{Heap after GC invocations=23 (full 2):
 PSYoungGen      total 22528K, used 1824K [0x00000000eab00000, 0x00000000ec400000, 0x0000000100000000)
  eden space 20480K, 0% used [0x00000000eab00000,0x00000000eab00000,0x00000000ebf00000)
  from space 2048K, 89% used [0x00000000ebf00000,0x00000000ec0c8000,0x00000000ec100000)
  to   space 2560K, 0% used [0x00000000ec180000,0x00000000ec180000,0x00000000ec400000)
 ParOldGen       total 68608K, used 26463K [0x00000000c0000000, 0x00000000c4300000, 0x00000000eab00000)
  object space 68608K, 38% used [0x00000000c0000000,0x00000000c19d7f48,0x00000000c4300000)
 Metaspace       used 52812K, committed 53760K, reserved 1114112K
  class space    used 5707K, committed 6144K, reserved 1048576K
}
Event: 11.672 GC heap before
{Heap before GC invocations=24 (full 2):
 PSYoungGen      total 22528K, used 22304K [0x00000000eab00000, 0x00000000ec400000, 0x0000000100000000)
  eden space 20480K, 100% used [0x00000000eab00000,0x00000000ebf00000,0x00000000ebf00000)
  from space 2048K, 89% used [0x00000000ebf00000,0x00000000ec0c8000,0x00000000ec100000)
  to   space 2560K, 0% used [0x00000000ec180000,0x00000000ec180000,0x00000000ec400000)
 ParOldGen       total 68608K, used 26463K [0x00000000c0000000, 0x00000000c4300000, 0x00000000eab00000)
  object space 68608K, 38% used [0x00000000c0000000,0x00000000c19d7f48,0x00000000c4300000)
 Metaspace       used 52812K, committed 53760K, reserved 1114112K
  class space    used 5707K, committed 6144K, reserved 1048576K
}
Event: 11.678 GC heap after
{Heap after GC invocations=24 (full 2):
 PSYoungGen      total 22528K, used 1984K [0x00000000eab00000, 0x00000000ec380000, 0x0000000100000000)
  eden space 20480K, 0% used [0x00000000eab00000,0x00000000eab00000,0x00000000ebf00000)
  from space 2048K, 96% used [0x00000000ec180000,0x00000000ec370000,0x00000000ec380000)
  to   space 2048K, 0% used [0x00000000ebf00000,0x00000000ebf00000,0x00000000ec100000)
 ParOldGen       total 68608K, used 28191K [0x00000000c0000000, 0x00000000c4300000, 0x00000000eab00000)
  object space 68608K, 41% used [0x00000000c0000000,0x00000000c1b87f48,0x00000000c4300000)
 Metaspace       used 52812K, committed 53760K, reserved 1114112K
  class space    used 5707K, committed 6144K, reserved 1048576K
}
Event: 11.724 GC heap before
{Heap before GC invocations=25 (full 2):
 PSYoungGen      total 22528K, used 22464K [0x00000000eab00000, 0x00000000ec380000, 0x0000000100000000)
  eden space 20480K, 100% used [0x00000000eab00000,0x00000000ebf00000,0x00000000ebf00000)
  from space 2048K, 96% used [0x00000000ec180000,0x00000000ec370000,0x00000000ec380000)
  to   space 2048K, 0% used [0x00000000ebf00000,0x00000000ebf00000,0x00000000ec100000)
 ParOldGen       total 68608K, used 28191K [0x00000000c0000000, 0x00000000c4300000, 0x00000000eab00000)
  object space 68608K, 41% used [0x00000000c0000000,0x00000000c1b87f48,0x00000000c4300000)
 Metaspace       used 52812K, committed 53760K, reserved 1114112K
  class space    used 5707K, committed 6144K, reserved 1048576K
}
Event: 11.732 GC heap after
{Heap after GC invocations=25 (full 2):
 PSYoungGen      total 22528K, used 2016K [0x00000000eab00000, 0x00000000ec800000, 0x0000000100000000)
  eden space 20480K, 0% used [0x00000000eab00000,0x00000000eab00000,0x00000000ebf00000)
  from space 2048K, 98% used [0x00000000ebf00000,0x00000000ec0f8010,0x00000000ec100000)
  to   space 4608K, 0% used [0x00000000ec380000,0x00000000ec380000,0x00000000ec800000)
 ParOldGen       total 68608K, used 30111K [0x00000000c0000000, 0x00000000c4300000, 0x00000000eab00000)
  object space 68608K, 43% used [0x00000000c0000000,0x00000000c1d67f48,0x00000000c4300000)
 Metaspace       used 52812K, committed 53760K, reserved 1114112K
  class space    used 5707K, committed 6144K, reserved 1048576K
}
Event: 11.838 GC heap before
{Heap before GC invocations=26 (full 2):
 PSYoungGen      total 22528K, used 22491K [0x00000000eab00000, 0x00000000ec800000, 0x0000000100000000)
  eden space 20480K, 99% used [0x00000000eab00000,0x00000000ebefec10,0x00000000ebf00000)
  from space 2048K, 98% used [0x00000000ebf00000,0x00000000ec0f8010,0x00000000ec100000)
  to   space 4608K, 0% used [0x00000000ec380000,0x00000000ec380000,0x00000000ec800000)
 ParOldGen       total 68608K, used 30111K [0x00000000c0000000, 0x00000000c4300000, 0x00000000eab00000)
  object space 68608K, 43% used [0x00000000c0000000,0x00000000c1d67f48,0x00000000c4300000)
 Metaspace       used 52889K, committed 53888K, reserved 1114112K
  class space    used 5712K, committed 6144K, reserved 1048576K
}
Event: 11.852 GC heap after
{Heap after GC invocations=26 (full 2):
 PSYoungGen      total 25088K, used 4004K [0x00000000eab00000, 0x00000000ec800000, 0x0000000100000000)
  eden space 20480K, 0% used [0x00000000eab00000,0x00000000eab00000,0x00000000ebf00000)
  from space 4608K, 86% used [0x00000000ec380000,0x00000000ec769000,0x00000000ec800000)
  to   space 4608K, 0% used [0x00000000ebf00000,0x00000000ebf00000,0x00000000ec380000)
 ParOldGen       total 68608K, used 32103K [0x00000000c0000000, 0x00000000c4300000, 0x00000000eab00000)
  object space 68608K, 46% used [0x00000000c0000000,0x00000000c1f59f58,0x00000000c4300000)
 Metaspace       used 52889K, committed 53888K, reserved 1114112K
  class space    used 5712K, committed 6144K, reserved 1048576K
}
Event: 12.126 GC heap before
{Heap before GC invocations=27 (full 2):
 PSYoungGen      total 25088K, used 24484K [0x00000000eab00000, 0x00000000ec800000, 0x0000000100000000)
  eden space 20480K, 100% used [0x00000000eab00000,0x00000000ebf00000,0x00000000ebf00000)
  from space 4608K, 86% used [0x00000000ec380000,0x00000000ec769000,0x00000000ec800000)
  to   space 4608K, 0% used [0x00000000ebf00000,0x00000000ebf00000,0x00000000ec380000)
 ParOldGen       total 68608K, used 32103K [0x00000000c0000000, 0x00000000c4300000, 0x00000000eab00000)
  object space 68608K, 46% used [0x00000000c0000000,0x00000000c1f59f58,0x00000000c4300000)
 Metaspace       used 55219K, committed 56192K, reserved 1114112K
  class space    used 5973K, committed 6400K, reserved 1048576K
}
Event: 12.137 GC heap after
{Heap after GC invocations=27 (full 2):
 PSYoungGen      total 22016K, used 1080K [0x00000000eab00000, 0x00000000ec400000, 0x0000000100000000)
  eden space 20480K, 0% used [0x00000000eab00000,0x00000000eab00000,0x00000000ebf00000)
  from space 1536K, 70% used [0x00000000ebf00000,0x00000000ec00e288,0x00000000ec080000)
  to   space 2560K, 0% used [0x00000000ec180000,0x00000000ec180000,0x00000000ec400000)
 ParOldGen       total 68608K, used 36003K [0x00000000c0000000, 0x00000000c4300000, 0x00000000eab00000)
  object space 68608K, 52% used [0x00000000c0000000,0x00000000c2328f58,0x00000000c4300000)
 Metaspace       used 55219K, committed 56192K, reserved 1114112K
  class space    used 5973K, committed 6400K, reserved 1048576K
}
Event: 12.312 GC heap before
{Heap before GC invocations=28 (full 2):
 PSYoungGen      total 22016K, used 21560K [0x00000000eab00000, 0x00000000ec400000, 0x0000000100000000)
  eden space 20480K, 100% used [0x00000000eab00000,0x00000000ebf00000,0x00000000ebf00000)
  from space 1536K, 70% used [0x00000000ebf00000,0x00000000ec00e288,0x00000000ec080000)
  to   space 2560K, 0% used [0x00000000ec180000,0x00000000ec180000,0x00000000ec400000)
 ParOldGen       total 68608K, used 36003K [0x00000000c0000000, 0x00000000c4300000, 0x00000000eab00000)
  object space 68608K, 52% used [0x00000000c0000000,0x00000000c2328f58,0x00000000c4300000)
 Metaspace       used 56234K, committed 57216K, reserved 1114112K
  class space    used 6086K, committed 6528K, reserved 1048576K
}
Event: 12.319 GC heap after
{Heap after GC invocations=28 (full 2):
 PSYoungGen      total 20992K, used 448K [0x00000000eab00000, 0x00000000ec200000, 0x0000000100000000)
  eden space 20480K, 0% used [0x00000000eab00000,0x00000000eab00000,0x00000000ebf00000)
  from space 512K, 87% used [0x00000000ec180000,0x00000000ec1f0000,0x00000000ec200000)
  to   space 1024K, 0% used [0x00000000ec000000,0x00000000ec000000,0x00000000ec100000)
 ParOldGen       total 68608K, used 36902K [0x00000000c0000000, 0x00000000c4300000, 0x00000000eab00000)
  object space 68608K, 53% used [0x00000000c0000000,0x00000000c24098d8,0x00000000c4300000)
 Metaspace       used 56234K, committed 57216K, reserved 1114112K
  class space    used 6086K, committed 6528K, reserved 1048576K
}
Event: 12.444 GC heap before
{Heap before GC invocations=29 (full 2):
 PSYoungGen      total 20992K, used 20928K [0x00000000eab00000, 0x00000000ec200000, 0x0000000100000000)
  eden space 20480K, 100% used [0x00000000eab00000,0x00000000ebf00000,0x00000000ebf00000)
  from space 512K, 87% used [0x00000000ec180000,0x00000000ec1f0000,0x00000000ec200000)
  to   space 1024K, 0% used [0x00000000ec000000,0x00000000ec000000,0x00000000ec100000)
 ParOldGen       total 68608K, used 36902K [0x00000000c0000000, 0x00000000c4300000, 0x00000000eab00000)
  object space 68608K, 53% used [0x00000000c0000000,0x00000000c24098d8,0x00000000c4300000)
 Metaspace       used 56869K, committed 57920K, reserved 1114112K
  class space    used 6141K, committed 6592K, reserved 1048576K
}
Event: 12.448 GC heap after
{Heap after GC invocations=29 (full 2):
 PSYoungGen      total 21504K, used 999K [0x00000000eab00000, 0x00000000ec300000, 0x0000000100000000)
  eden space 20480K, 0% used [0x00000000eab00000,0x00000000eab00000,0x00000000ebf00000)
  from space 1024K, 97% used [0x00000000ec000000,0x00000000ec0f9fb0,0x00000000ec100000)
  to   space 2048K, 0% used [0x00000000ec100000,0x00000000ec100000,0x00000000ec300000)
 ParOldGen       total 68608K, used 37664K [0x00000000c0000000, 0x00000000c4300000, 0x00000000eab00000)
  object space 68608K, 54% used [0x00000000c0000000,0x00000000c24c8138,0x00000000c4300000)
 Metaspace       used 56869K, committed 57920K, reserved 1114112K
  class space    used 6141K, committed 6592K, reserved 1048576K
}
Event: 12.552 GC heap before
{Heap before GC invocations=30 (full 2):
 PSYoungGen      total 21504K, used 21479K [0x00000000eab00000, 0x00000000ec300000, 0x0000000100000000)
  eden space 20480K, 100% used [0x00000000eab00000,0x00000000ebf00000,0x00000000ebf00000)
  from space 1024K, 97% used [0x00000000ec000000,0x00000000ec0f9fb0,0x00000000ec100000)
  to   space 2048K, 0% used [0x00000000ec100000,0x00000000ec100000,0x00000000ec300000)
 ParOldGen       total 68608K, used 37664K [0x00000000c0000000, 0x00000000c4300000, 0x00000000eab00000)
  object space 68608K, 54% used [0x00000000c0000000,0x00000000c24c8138,0x00000000c4300000)
 Metaspace       used 57206K, committed 58176K, reserved 1114112K
  class space    used 6163K, committed 6592K, reserved 1048576K
}
Event: 12.554 GC heap after
{Heap after GC invocations=30 (full 2):
 PSYoungGen      total 20992K, used 224K [0x00000000eab00000, 0x00000000ec180000, 0x0000000100000000)
  eden space 20480K, 0% used [0x00000000eab00000,0x00000000eab00000,0x00000000ebf00000)
  from space 512K, 43% used [0x00000000ec100000,0x00000000ec138000,0x00000000ec180000)
  to   space 1024K, 0% used [0x00000000ebf80000,0x00000000ebf80000,0x00000000ec080000)
 ParOldGen       total 68608K, used 38072K [0x00000000c0000000, 0x00000000c4300000, 0x00000000eab00000)
  object space 68608K, 55% used [0x00000000c0000000,0x00000000c252e0c8,0x00000000c4300000)
 Metaspace       used 57206K, committed 58176K, reserved 1114112K
  class space    used 6163K, committed 6592K, reserved 1048576K
}
Event: 12.781 GC heap before
{Heap before GC invocations=31 (full 2):
 PSYoungGen      total 20992K, used 10135K [0x00000000eab00000, 0x00000000ec180000, 0x0000000100000000)
  eden space 20480K, 48% used [0x00000000eab00000,0x00000000eb4adda0,0x00000000ebf00000)
  from space 512K, 43% used [0x00000000ec100000,0x00000000ec138000,0x00000000ec180000)
  to   space 1024K, 0% used [0x00000000ebf80000,0x00000000ebf80000,0x00000000ec080000)
 ParOldGen       total 68608K, used 38072K [0x00000000c0000000, 0x00000000c4300000, 0x00000000eab00000)
  object space 68608K, 55% used [0x00000000c0000000,0x00000000c252e0c8,0x00000000c4300000)
 Metaspace       used 58829K, committed 59776K, reserved 1114112K
  class space    used 6295K, committed 6720K, reserved 1048576K
}
Event: 12.792 GC heap after
{Heap after GC invocations=31 (full 2):
 PSYoungGen      total 21504K, used 435K [0x00000000eab00000, 0x00000000ec180000, 0x0000000100000000)
  eden space 20480K, 0% used [0x00000000eab00000,0x00000000eab00000,0x00000000ebf00000)
  from space 1024K, 42% used [0x00000000ebf80000,0x00000000ebfecc48,0x00000000ec080000)
  to   space 512K, 0% used [0x00000000ec100000,0x00000000ec100000,0x00000000ec180000)
 ParOldGen       total 68608K, used 38104K [0x00000000c0000000, 0x00000000c4300000, 0x00000000eab00000)
  object space 68608K, 55% used [0x00000000c0000000,0x00000000c25360c8,0x00000000c4300000)
 Metaspace       used 58829K, committed 59776K, reserved 1114112K
  class space    used 6295K, committed 6720K, reserved 1048576K
}
Event: 12.792 GC heap before
{Heap before GC invocations=32 (full 3):
 PSYoungGen      total 21504K, used 435K [0x00000000eab00000, 0x00000000ec180000, 0x0000000100000000)
  eden space 20480K, 0% used [0x00000000eab00000,0x00000000eab00000,0x00000000ebf00000)
  from space 1024K, 42% used [0x00000000ebf80000,0x00000000ebfecc48,0x00000000ec080000)
  to   space 512K, 0% used [0x00000000ec100000,0x00000000ec100000,0x00000000ec180000)
 ParOldGen       total 68608K, used 38104K [0x00000000c0000000, 0x00000000c4300000, 0x00000000eab00000)
  object space 68608K, 55% used [0x00000000c0000000,0x00000000c25360c8,0x00000000c4300000)
 Metaspace       used 58829K, committed 59776K, reserved 1114112K
  class space    used 6295K, committed 6720K, reserved 1048576K
}

